<?xml version="1.0" encoding="UTF-8"?>
<!-- Generated by org.testng.reporters.JUnitReportReporter -->
<testsuite hostname="DESKTOP-601D2VQ" failures="0" tests="5" name="almosafer.com.Testprojet" time="38.138" errors="0" timestamp="2024-02-25T17:34:48 EET" skipped="4">
  <testcase classname="almosafer.com.Testprojet" name="printtotheconsolethefirstresult" time="38.138"/>
  <system-out/>
  <testcase classname="almosafer.com.Testprojet" name="Date">
    <skipped/>
  </testcase> <!-- Date -->
  <system-out/>
  <testcase classname="almosafer.com.Testprojet" name="printallthefeedback">
    <skipped/>
  </testcase> <!-- printallthefeedback -->
  <system-out/>
  <testcase classname="almosafer.com.Testprojet" name="vistornumber">
    <skipped/>
  </testcase> <!-- vistornumber -->
  <system-out/>
  <testcase classname="almosafer.com.Testprojet" name="hoteltabsection">
    <skipped/>
  </testcase> <!-- hoteltabsection -->
  <system-out/>
</testsuite> <!-- almosafer.com.Testprojet -->
